<?xml version="1.0" encoding="UTF-8"?>
<testng-results skipped="0" failed="0" total="1" passed="1">
  <reporter-output>
  </reporter-output>
  <suite name="Default suite" duration-ms="77199" started-at="2019-11-02T01:47:36Z" finished-at="2019-11-02T01:48:53Z">
    <groups>
    </groups>
    <test name="Default test" duration-ms="77199" started-at="2019-11-02T01:47:36Z" finished-at="2019-11-02T01:48:53Z">
      <class name="TestLogin">
        <test-method status="PASS" signature="beforeTest()[pri:0, instance:TestLogin@4883b407]" name="beforeTest" is-config="true" duration-ms="9" started-at="2019-11-01T22:47:36Z" finished-at="2019-11-01T22:47:36Z">
          <reporter-output>
          </reporter-output>
        </test-method> <!-- beforeTest -->
        <test-method status="PASS" signature="f()[pri:0, instance:TestLogin@4883b407]" name="f" duration-ms="77178" started-at="2019-11-01T22:47:36Z" finished-at="2019-11-01T22:48:53Z">
          <reporter-output>
          </reporter-output>
        </test-method> <!-- f -->
        <test-method status="PASS" signature="afterTest()[pri:0, instance:TestLogin@4883b407]" name="afterTest" is-config="true" duration-ms="0" started-at="2019-11-01T22:48:53Z" finished-at="2019-11-01T22:48:53Z">
          <reporter-output>
          </reporter-output>
        </test-method> <!-- afterTest -->
      </class> <!-- TestLogin -->
    </test> <!-- Default test -->
  </suite> <!-- Default suite -->
</testng-results>
